<?xml version="1.0" encoding="UTF-8"?>
<!-- Generated by org.testng.reporters.JUnitReportReporter -->
<testsuite hostname="Arpita" failures="0" tests="2" name="TestNG.DataProvideEx2" time="0.011" errors="0" timestamp="2024-08-30T20:20:56 IST" skipped="0">
  <testcase classname="TestNG.DataProvideEx2" name="bookTickets" time="0.010"/>
  <system-out/>
  <testcase classname="TestNG.DataProvideEx2" name="bookTickets" time="0.001"/>
  <system-out/>
</testsuite> <!-- TestNG.DataProvideEx2 -->
