<?xml version="1.0" encoding="UTF-8"?>
<!-- Generated by org.testng.reporters.JUnitReportReporter -->
<testsuite hostname="Arpita" failures="0" tests="3" name="TestNG.DataProvideEx1" time="0.012" errors="0" timestamp="2024-08-30T20:08:28 IST" skipped="0">
  <testcase classname="TestNG.DataProvideEx1" name="bookTickets" time="0.001"/>
  <system-out/>
  <testcase classname="TestNG.DataProvideEx1" name="bookTickets" time="0.001"/>
  <system-out/>
  <testcase classname="TestNG.DataProvideEx1" name="bookTickets" time="0.010"/>
  <system-out/>
</testsuite> <!-- TestNG.DataProvideEx1 -->
