<?xml version="1.0" encoding="UTF-8"?>
<!-- Generated by org.testng.reporters.JUnitReportReporter -->
<testsuite hostname="Arpita" failures="0" tests="3" name="TestNG.sampleTest" time="0.015" errors="0" timestamp="2024-08-30T20:04:32 IST" skipped="0">
  <testcase classname="TestNG.sampleTest" name="deleteProduct" time="0.013"/>
  <system-out/>
  <testcase classname="TestNG.sampleTest" name="createProduct" time="0.000"/>
  <system-out/>
  <testcase classname="TestNG.sampleTest" name="modifyProduct" time="0.002"/>
  <system-out/>
</testsuite> <!-- TestNG.sampleTest -->
