<?xml version="1.0" encoding="UTF-8"?>
<!-- Generated by org.testng.reporters.JUnitReportReporter -->
<testsuite hostname="Arpita" failures="0" tests="2" name="TestNG.DataProviderEx3" time="30.835" errors="0" timestamp="2024-08-30T20:51:53 IST" skipped="0">
  <testcase classname="TestNG.DataProviderEx3" name="organizationModule" time="18.776"/>
  <system-out/>
  <testcase classname="TestNG.DataProviderEx3" name="organizationModule" time="12.059"/>
  <system-out/>
</testsuite> <!-- TestNG.DataProviderEx3 -->
