<?xml version="1.0" encoding="UTF-8"?>
<!-- Generated by org.testng.reporters.JUnitReportReporter -->
<testsuite hostname="Arpita" failures="0" tests="1" name="Campagin.CreateCampaignsTest" time="14.079" errors="0" timestamp="2024-09-10T20:07:26 IST" skipped="0">
  <testcase classname="Campagin.CreateCampaignsTest" name="CreateCampaignsTest" time="14.079"/>
  <system-out/>
</testsuite> <!-- Campagin.CreateCampaignsTest -->
