<?xml version="1.0" encoding="UTF-8"?>
<!-- Generated by org.testng.reporters.JUnitReportReporter -->
<testsuite hostname="Arpita" failures="0" tests="1" name="Organization.CreateProductTest" time="16.995" errors="0" timestamp="2024-08-31T20:51:48 IST" skipped="0">
  <testcase classname="Organization.CreateProductTest" name="CreateProductTest" time="16.995"/>
  <system-out/>
</testsuite> <!-- Organization.CreateProductTest -->
