<?xml version="1.0" encoding="UTF-8"?>
<!-- Generated by org.testng.reporters.JUnitReportReporter -->
<testsuite hostname="Arpita" failures="0" tests="1" name="Product.CreateProductTest" time="20.377" errors="0" timestamp="2024-09-10T19:26:12 IST" skipped="0">
  <testcase classname="Product.CreateProductTest" name="CreateProductTest" time="20.377"/>
  <system-out/>
</testsuite> <!-- Product.CreateProductTest -->
