<?xml version="1.0" encoding="UTF-8"?>
<!-- Generated by org.testng.reporters.JUnitReportReporter -->
<testsuite hostname="Arpita" failures="0" tests="2" name="Organization.CreateOrganizationTest" time="35.885" errors="0" timestamp="2024-09-10T20:06:14 IST" skipped="0">
  <testcase classname="Organization.CreateOrganizationTest" name="CreateProductTest" time="14.402"/>
  <system-out/>
  <testcase classname="Organization.CreateOrganizationTest" name="CreateOrganization" time="21.483"/>
  <system-out/>
</testsuite> <!-- Organization.CreateOrganizationTest -->
