<?xml version="1.0" encoding="UTF-8"?>
<!-- Generated by org.testng.reporters.JUnitReportReporter -->
<testsuite hostname="Arpita" failures="0" tests="1" name="Campagin.CampaginProductTest" time="22.006" errors="0" timestamp="2024-09-10T20:07:58 IST" skipped="0">
  <testcase classname="Campagin.CampaginProductTest" name="CampaginProductTest" time="22.006"/>
  <system-out/>
</testsuite> <!-- Campagin.CampaginProductTest -->
