<?xml version="1.0" encoding="UTF-8"?>
<!-- Generated by org.testng.reporters.JUnitReportReporter -->
<testsuite hostname="Arpita" failures="0" tests="2" name="TestNG.DataProviderEx4" time="45.958" errors="0" timestamp="2024-08-31T20:48:07 IST" skipped="0">
  <testcase classname="TestNG.DataProviderEx4" name="organizationModule" time="34.511"/>
  <system-out/>
  <testcase classname="TestNG.DataProviderEx4" name="organizationModule" time="11.447"/>
  <system-out/>
</testsuite> <!-- TestNG.DataProviderEx4 -->
